/home/baytech/Desktop/unknownsatoshi/userprolog/views.py changed, reloading.
Watching for file changes with StatReloader
/home/baytech/Desktop/unknownsatoshi/userprolog/views.py changed, reloading.
Watching for file changes with StatReloader
"GET /login/user HTTP/1.1" 200 6507
"GET /static/images/logo.png HTTP/1.1" 304 0
"GET /static/css/style.css HTTP/1.1" 304 0
"GET /static/js/validate.js HTTP/1.1" 304 0
"GET /static/js/script.js HTTP/1.1" 304 0
"GET /static/images/hamburger.png HTTP/1.1" 304 0
"GET /static/images/favicon.png HTTP/1.1" 304 0
"POST /login/user HTTP/1.1" 302 0
"GET /login/user HTTP/1.1" 200 6762
Watching for file changes with StatReloader
Watching for file changes with StatReloader
"GET /login/user HTTP/1.1" 200 6507
"POST /login/user HTTP/1.1" 302 0
"GET /login/user HTTP/1.1" 200 6762
"GET /static/css/style.css HTTP/1.1" 304 0
"GET /static/js/script.js HTTP/1.1" 304 0
"GET /static/images/logo.png HTTP/1.1" 304 0
"GET /static/js/validate.js HTTP/1.1" 304 0
"GET /static/images/hamburger.png HTTP/1.1" 304 0
/home/baytech/Desktop/unknownsatoshi/userprolog/views.py changed, reloading.
Watching for file changes with StatReloader
/home/baytech/Desktop/unknownsatoshi/userprolog/views.py changed, reloading.
Watching for file changes with StatReloader
"GET /login/user HTTP/1.1" 200 6507
"GET /static/css/style.css HTTP/1.1" 304 0
"GET /static/images/logo.png HTTP/1.1" 304 0
"GET /static/js/script.js HTTP/1.1" 304 0
"GET /static/js/validate.js HTTP/1.1" 304 0
"GET /static/images/hamburger.png HTTP/1.1" 304 0
"GET /static/images/favicon.png HTTP/1.1" 304 0
"POST /login/user HTTP/1.1" 302 0
"GET /login/user HTTP/1.1" 200 6762
/home/baytech/Desktop/unknownsatoshi/userprolog/views.py changed, reloading.
Watching for file changes with StatReloader
/home/baytech/Desktop/unknownsatoshi/userprolog/views.py changed, reloading.
Watching for file changes with StatReloader
/home/baytech/Desktop/unknownsatoshi/userprolog/views.py changed, reloading.
Watching for file changes with StatReloader
"GET /login/user HTTP/1.1" 200 6507
"POST /login/user HTTP/1.1" 302 0
"GET /login/user HTTP/1.1" 200 6929
"GET /login/user HTTP/1.1" 200 6539
"GET /static/css/style.css HTTP/1.1" 304 0
"GET /static/images/logo.png HTTP/1.1" 304 0
"GET /static/js/script.js HTTP/1.1" 304 0
"GET /static/js/validate.js HTTP/1.1" 304 0
"GET /static/images/hamburger.png HTTP/1.1" 304 0
"GET /static/images/favicon.png HTTP/1.1" 304 0
"POST /login/user HTTP/1.1" 302 0
"GET /login/user HTTP/1.1" 200 6961
"GET /login/user HTTP/1.1" 200 6614
"GET /static/css/style.css HTTP/1.1" 304 0
"GET /static/js/validate.js HTTP/1.1" 304 0
"GET /static/images/logo.png HTTP/1.1" 304 0
"GET /static/js/script.js HTTP/1.1" 304 0
"GET /static/images/hamburger.png HTTP/1.1" 304 0
"GET /static/images/favicon.png HTTP/1.1" 304 0
"POST /login/user HTTP/1.1" 302 0
"GET /login/user HTTP/1.1" 200 7036
"GET /login/user HTTP/1.1" 200 6584
"GET /static/css/style.css HTTP/1.1" 304 0
"GET /static/js/validate.js HTTP/1.1" 304 0
"GET /static/js/script.js HTTP/1.1" 304 0
"GET /static/images/hamburger.png HTTP/1.1" 304 0
"GET /static/images/logo.png HTTP/1.1" 304 0
"GET /static/images/favicon.png HTTP/1.1" 304 0
"POST /login/user HTTP/1.1" 302 0
"GET /login/user HTTP/1.1" 200 7006
"GET /login/user HTTP/1.1" 200 6580
"POST /login/user HTTP/1.1" 302 0
"GET /login/user HTTP/1.1" 200 7002
"GET /login/user HTTP/1.1" 200 6539
"GET /static/css/style.css HTTP/1.1" 304 0
"GET /static/images/logo.png HTTP/1.1" 304 0
"GET /static/js/script.js HTTP/1.1" 304 0
"GET /static/js/validate.js HTTP/1.1" 304 0
"GET /static/images/hamburger.png HTTP/1.1" 304 0
"GET /static/images/favicon.png HTTP/1.1" 304 0
"POST /login/user HTTP/1.1" 302 0
"GET /login/user HTTP/1.1" 200 6961
"GET /login/user HTTP/1.1" 200 6539
"GET /login/user HTTP/1.1" 200 6543
"GET /static/css/style.css HTTP/1.1" 304 0
"GET /static/images/logo.png HTTP/1.1" 304 0
"GET /static/js/script.js HTTP/1.1" 304 0
"GET /static/images/hamburger.png HTTP/1.1" 304 0
"GET /static/js/validate.js HTTP/1.1" 304 0
"GET /static/images/favicon.png HTTP/1.1" 304 0
"POST /login/user HTTP/1.1" 302 0
"GET /login/user HTTP/1.1" 200 6965
"GET /login/user HTTP/1.1" 200 6543
Watching for file changes with StatReloader
"GET / HTTP/1.1" 200 18313
"GET /static/css/style.css HTTP/1.1" 304 0
"GET /static/js/script.js HTTP/1.1" 304 0
"GET /static/js/pagination.js HTTP/1.1" 304 0
"GET /static/images/logo.png HTTP/1.1" 304 0
"GET /static/images/hamburger.png HTTP/1.1" 304 0
"GET /static/images/hero-img.png HTTP/1.1" 304 0
"GET /static/images/img-3.jpg HTTP/1.1" 304 0
"GET /static/images/img-5.jpg HTTP/1.1" 304 0
"GET /static/images/img-6.jpg HTTP/1.1" 304 0
"GET /static/images/history.png HTTP/1.1" 304 0
"GET /static/images/signal.png HTTP/1.1" 304 0
"GET /static/images/alt-logo.png HTTP/1.1" 304 0
"GET /user-registration HTTP/1.1" 200 8298
"GET /static/js/validate.js HTTP/1.1" 304 0
"POST /user-registration HTTP/1.1" 302 0
"GET /user-registration HTTP/1.1" 200 8545
"GET /static/css/style.css HTTP/1.1" 304 0
"GET /static/js/script.js HTTP/1.1" 304 0
"GET /static/js/validate.js HTTP/1.1" 304 0
"GET /static/images/hamburger.png HTTP/1.1" 304 0
"GET /static/images/logo.png HTTP/1.1" 304 0
"GET /login/user HTTP/1.1" 200 6543
"POST /login/user HTTP/1.1" 302 0
"GET / HTTP/1.1" 200 18987
"GET /static/images/hero-img.png HTTP/1.1" 304 0
"GET /static/images/img-3.jpg HTTP/1.1" 304 0
"GET /static/js/pagination.js HTTP/1.1" 304 0
"GET /static/images/img-5.jpg HTTP/1.1" 304 0
"GET /static/images/alt-logo.png HTTP/1.1" 304 0
"GET /static/images/img-6.jpg HTTP/1.1" 304 0
"GET /static/images/history.png HTTP/1.1" 304 0
"GET /static/images/signal.png HTTP/1.1" 304 0
"GET /logout HTTP/1.1" 302 0
"GET / HTTP/1.1" 200 18405
"GET /article/this-is-another-free-post/ HTTP/1.1" 200 22228
"GET /static/js/jquery.min.js HTTP/1.1" 304 0
"GET /static/js/tab.js HTTP/1.1" 304 0
"GET /login/user?next=/article/this-is-another-free-post/ HTTP/1.1" 200 6674
"POST /login/user HTTP/1.1" 302 0
"GET /article/this-is-another-free-post/ HTTP/1.1" 200 23207
"GET /static/css/style.css HTTP/1.1" 304 0
"GET /static/js/script.js HTTP/1.1" 304 0
"GET /static/images/hamburger.png HTTP/1.1" 304 0
"GET /static/images/logo.png HTTP/1.1" 304 0
"POST /like_post HTTP/1.1" 200 31
"POST /article/this-is-another-free-post/ HTTP/1.1" 302 0
"GET /article/this-is-another-free-post/ HTTP/1.1" 200 23353
"GET /trade-history HTTP/1.1" 200 12222
"GET /static/js/pagination.js HTTP/1.1" 304 0
"GET /static/images/alt-logo.png HTTP/1.1" 304 0
"GET /static/images/bg-img4.jpg HTTP/1.1" 200 37429
"GET /courses HTTP/1.1" 200 10888
"GET /static/images/bg-img3.png HTTP/1.1" 200 402415
"GET /onlinestore HTTP/1.1" 200 12990
"GET /static/css/style.css HTTP/1.1" 304 0
"GET /static/images/logo.png HTTP/1.1" 304 0
"GET /static/js/script.js HTTP/1.1" 304 0
"GET /static/images/hamburger.png HTTP/1.1" 304 0
"GET /blog HTTP/1.1" 200 19679
"GET /user/profile/43e956a7-4486-43b3-89e8-64e9656d5d8b HTTP/1.1" 200 11528
"GET /static/js/jquery.min.js HTTP/1.1" 304 0
"GET /static/js/tab.js HTTP/1.1" 304 0
"POST /user/profile/43e956a7-4486-43b3-89e8-64e9656d5d8b HTTP/1.1" 302 0
"GET /user/profile/43e956a7-4486-43b3-89e8-64e9656d5d8b HTTP/1.1" 200 11531
"GET /static/css/style.css HTTP/1.1" 304 0
"GET /static/js/jquery.min.js HTTP/1.1" 304 0
"GET /static/js/pagination.js HTTP/1.1" 304 0
"GET /static/js/script.js HTTP/1.1" 304 0
"GET /static/js/tab.js HTTP/1.1" 304 0
"GET /static/images/logo.png HTTP/1.1" 304 0
"GET /static/images/alt-logo.png HTTP/1.1" 304 0
"GET /static/images/hamburger.png HTTP/1.1" 304 0
"GET /blog HTTP/1.1" 200 19776
"GET / HTTP/1.1" 200 18895
"GET /static/css/style.css HTTP/1.1" 304 0
"GET /static/js/script.js HTTP/1.1" 304 0
"GET /static/js/pagination.js HTTP/1.1" 304 0
"GET /static/images/logo.png HTTP/1.1" 304 0
"GET /static/images/hamburger.png HTTP/1.1" 304 0
"GET /static/images/hero-img.png HTTP/1.1" 304 0
"GET /static/images/img-3.jpg HTTP/1.1" 304 0
"GET /static/images/img-5.jpg HTTP/1.1" 304 0
"GET /static/images/signal.png HTTP/1.1" 304 0
"GET /static/images/alt-logo.png HTTP/1.1" 304 0
"GET /static/images/img-6.jpg HTTP/1.1" 304 0
"GET /static/images/history.png HTTP/1.1" 304 0
"GET /blog HTTP/1.1" 200 19677
"GET /logout HTTP/1.1" 302 0
"GET / HTTP/1.1" 200 18405
"GET /admin-login HTTP/1.1" 200 2722
"GET /static/css/admin.css HTTP/1.1" 304 0
"POST /admin-login HTTP/1.1" 302 0
"GET /admin-history HTTP/1.1" 302 0
"GET /unauthorized-page HTTP/1.1" 200 1945
"GET /assets/js/script.js HTTP/1.1" 200 2358
"GET / HTTP/1.1" 200 18985
"GET /logout HTTP/1.1" 302 0
"GET / HTTP/1.1" 200 18405
"GET /admin-login HTTP/1.1" 200 2722
"POST /admin-login HTTP/1.1" 302 0
"GET /admin-history HTTP/1.1" 200 8682
"GET /static/css/sidebar.css HTTP/1.1" 200 3836
"GET /static/js/modal.js HTTP/1.1" 200 325
"GET /static/js/sidebar.js HTTP/1.1" 200 582
"GET /static/%20ckeditor/ckeditor-init.js HTTP/1.1" 200 2358
"GET /static/%20ckeditor/ckeditor/ckeditor.js HTTP/1.1" 200 2358
"GET /static/images/hamburger.png HTTP/1.1" 304 0
"GET /static/images/logo.png HTTP/1.1" 304 0
"GET /static/js/script.js HTTP/1.1" 304 0
"GET /create-trade HTTP/1.1" 200 8706
"GET /static/css/style.css HTTP/1.1" 304 0
"GET /static/css/admin.css HTTP/1.1" 304 0
"GET /static/css/sidebar.css HTTP/1.1" 304 0
"GET /static/%20ckeditor/ckeditor-init.js HTTP/1.1" 200 2358
"GET /static/%20ckeditor/ckeditor/ckeditor.js HTTP/1.1" 200 2358
"POST /create-trade HTTP/1.1" 302 0
"GET /admin-history HTTP/1.1" 200 9501
"GET /static/css/style.css HTTP/1.1" 304 0
"GET /static/css/admin.css HTTP/1.1" 304 0
"GET /static/css/sidebar.css HTTP/1.1" 304 0
"GET /static/js/script.js HTTP/1.1" 304 0
"GET /static/js/modal.js HTTP/1.1" 304 0
"GET /static/js/sidebar.js HTTP/1.1" 304 0
"GET /static/%20ckeditor/ckeditor-init.js HTTP/1.1" 200 2358
"GET /static/%20ckeditor/ckeditor/ckeditor.js HTTP/1.1" 200 2358
"GET /static/images/logo.png HTTP/1.1" 304 0
"GET /static/images/hamburger.png HTTP/1.1" 304 0
"GET /delete-trade/e67bb11d-8c30-4082-88d7-28b7d139ec7a HTTP/1.1" 200 7134
"GET /static/%20ckeditor/ckeditor-init.js HTTP/1.1" 200 2358
"GET /static/%20ckeditor/ckeditor/ckeditor.js HTTP/1.1" 200 2358
"POST /delete-trade/e67bb11d-8c30-4082-88d7-28b7d139ec7a HTTP/1.1" 302 0
"GET /admin-history HTTP/1.1" 200 8679
"GET /static/%20ckeditor/ckeditor-init.js HTTP/1.1" 200 2358
"GET /static/%20ckeditor/ckeditor/ckeditor.js HTTP/1.1" 200 2358
"GET /admin-product HTTP/1.1" 200 8709
"GET /static/%20ckeditor/ckeditor-init.js HTTP/1.1" 200 2358
"GET /static/%20ckeditor/ckeditor/ckeditor.js HTTP/1.1" 200 2358
"GET /update-product/554ad9f1-d4c6-4f4a-adc1-e9e2877a7772 HTTP/1.1" 200 9130
"GET /static/%20ckeditor/ckeditor-init.js HTTP/1.1" 200 2358
"GET /static/%20ckeditor/ckeditor/ckeditor.js HTTP/1.1" 200 2358
"POST /update-product/554ad9f1-d4c6-4f4a-adc1-e9e2877a7772 HTTP/1.1" 302 0
"GET /admin-product HTTP/1.1" 200 8827
"GET /static/css/style.css HTTP/1.1" 304 0
"GET /static/css/admin.css HTTP/1.1" 304 0
"GET /static/css/sidebar.css HTTP/1.1" 304 0
"GET /static/js/script.js HTTP/1.1" 304 0
"GET /static/js/modal.js HTTP/1.1" 304 0
"GET /static/js/sidebar.js HTTP/1.1" 304 0
"GET /static/%20ckeditor/ckeditor-init.js HTTP/1.1" 200 2358
"GET /static/%20ckeditor/ckeditor/ckeditor.js HTTP/1.1" 200 2358
"GET /static/images/logo.png HTTP/1.1" 304 0
"GET /static/images/hamburger.png HTTP/1.1" 304 0
"GET /delete-product/a85415d5-2f93-4895-a84b-c491144947c9 HTTP/1.1" 200 7134
"GET /static/%20ckeditor/ckeditor-init.js HTTP/1.1" 200 2358
"GET /static/%20ckeditor/ckeditor/ckeditor.js HTTP/1.1" 200 2358
"POST /delete-product/a85415d5-2f93-4895-a84b-c491144947c9 HTTP/1.1" 302 0
"GET /admin-product HTTP/1.1" 200 8180
"GET /static/%20ckeditor/ckeditor-init.js HTTP/1.1" 200 2358
"GET /static/%20ckeditor/ckeditor/ckeditor.js HTTP/1.1" 200 2358
"GET /create-product HTTP/1.1" 200 8713
"GET /static/%20ckeditor/ckeditor-init.js HTTP/1.1" 200 2358
"GET /static/%20ckeditor/ckeditor/ckeditor.js HTTP/1.1" 200 2358
"POST /create-product HTTP/1.1" 302 0
"GET /admin-product HTTP/1.1" 200 8893
"GET /static/css/admin.css HTTP/1.1" 304 0
"GET /static/css/style.css HTTP/1.1" 304 0
"GET /static/css/sidebar.css HTTP/1.1" 304 0
"GET /static/js/script.js HTTP/1.1" 304 0
"GET /static/js/modal.js HTTP/1.1" 304 0
"GET /static/js/sidebar.js HTTP/1.1" 304 0
"GET /static/%20ckeditor/ckeditor-init.js HTTP/1.1" 200 2358
"GET /static/%20ckeditor/ckeditor/ckeditor.js HTTP/1.1" 200 2358
"GET /static/images/logo.png HTTP/1.1" 304 0
"GET /static/images/hamburger.png HTTP/1.1" 304 0
"GET /update-product/0758a51f-6a1f-4e34-9ff2-bce32d1faaf1 HTTP/1.1" 200 9185
"GET /static/%20ckeditor/ckeditor/ckeditor.js HTTP/1.1" 200 2358
"GET /static/%20ckeditor/ckeditor-init.js HTTP/1.1" 200 2358
- Broken pipe from ('127.0.0.1', 64378)
"POST /update-product/0758a51f-6a1f-4e34-9ff2-bce32d1faaf1 HTTP/1.1" 302 0
"GET /admin-product HTTP/1.1" 200 8897
"GET /static/%20ckeditor/ckeditor-init.js HTTP/1.1" 200 2358
"GET /static/%20ckeditor/ckeditor/ckeditor.js HTTP/1.1" 200 2358
"GET /delete-product/8db92559-22f8-42e7-9b53-eb2cc2e5a72e HTTP/1.1" 200 7134
"GET /static/%20ckeditor/ckeditor-init.js HTTP/1.1" 200 2358
"GET /static/%20ckeditor/ckeditor/ckeditor.js HTTP/1.1" 200 2358
"POST /delete-product/8db92559-22f8-42e7-9b53-eb2cc2e5a72e HTTP/1.1" 302 0
"GET /admin-product HTTP/1.1" 200 8236
"GET /static/%20ckeditor/ckeditor-init.js HTTP/1.1" 200 2358
"GET /static/%20ckeditor/ckeditor/ckeditor.js HTTP/1.1" 200 2358
"GET /admincourse HTTP/1.1" 200 7390
"GET /static/%20ckeditor/ckeditor-init.js HTTP/1.1" 200 2358
"GET /static/%20ckeditor/ckeditor/ckeditor.js HTTP/1.1" 200 2358
"GET /update-course/3ad64005-d632-4842-986a-aedc2c5a569b HTTP/1.1" 200 7736
"GET /static/%20ckeditor/ckeditor-init.js HTTP/1.1" 200 2358
"GET /static/%20ckeditor/ckeditor/ckeditor.js HTTP/1.1" 200 2358
"POST /update-course/3ad64005-d632-4842-986a-aedc2c5a569b HTTP/1.1" 302 0
"GET /admincourse HTTP/1.1" 200 7529
"GET /static/css/style.css HTTP/1.1" 304 0
"GET /static/css/admin.css HTTP/1.1" 304 0
"GET /static/js/script.js HTTP/1.1" 304 0
"GET /static/css/sidebar.css HTTP/1.1" 304 0
"GET /static/js/modal.js HTTP/1.1" 304 0
"GET /static/js/sidebar.js HTTP/1.1" 304 0
"GET /static/images/logo.png HTTP/1.1" 304 0
"GET /static/%20ckeditor/ckeditor/ckeditor.js HTTP/1.1" 200 2358
"GET /static/%20ckeditor/ckeditor-init.js HTTP/1.1" 200 2358
"GET /static/images/hamburger.png HTTP/1.1" 304 0
"GET /update-course/3ad64005-d632-4842-986a-aedc2c5a569b HTTP/1.1" 200 7766
"GET /static/%20ckeditor/ckeditor-init.js HTTP/1.1" 200 2358
"GET /static/%20ckeditor/ckeditor/ckeditor.js HTTP/1.1" 200 2358
"POST /update-course/3ad64005-d632-4842-986a-aedc2c5a569b HTTP/1.1" 302 0
"GET /admincourse HTTP/1.1" 200 7529
"GET /static/%20ckeditor/ckeditor-init.js HTTP/1.1" 200 2358
"GET /static/%20ckeditor/ckeditor/ckeditor.js HTTP/1.1" 200 2358
"GET /courses HTTP/1.1" 200 10918
"GET /static/js/pagination.js HTTP/1.1" 304 0
"GET /static/images/alt-logo.png HTTP/1.1" 304 0
"GET /static/images/bg-img3.png HTTP/1.1" 304 0
"GET /onlinestore HTTP/1.1" 200 12381
"GET /create-course HTTP/1.1" 200 7919
"GET /static/css/style.css HTTP/1.1" 304 0
"GET /static/css/admin.css HTTP/1.1" 304 0
"GET /static/css/sidebar.css HTTP/1.1" 304 0
"GET /static/js/script.js HTTP/1.1" 304 0
"GET /static/js/modal.js HTTP/1.1" 304 0
"GET /static/js/sidebar.js HTTP/1.1" 304 0
"GET /static/%20ckeditor/ckeditor-init.js HTTP/1.1" 200 2358
"GET /static/%20ckeditor/ckeditor/ckeditor.js HTTP/1.1" 200 2358
"GET /static/images/hamburger.png HTTP/1.1" 304 0
"GET /static/images/logo.png HTTP/1.1" 304 0
"POST /create-course HTTP/1.1" 302 0
"GET /admincourse HTTP/1.1" 200 8174
"GET /static/%20ckeditor/ckeditor-init.js HTTP/1.1" 200 2358
"GET /static/%20ckeditor/ckeditor/ckeditor.js HTTP/1.1" 200 2358
"GET /create-product HTTP/1.1" 200 8713
"GET /static/%20ckeditor/ckeditor-init.js HTTP/1.1" 200 2358
"GET /static/%20ckeditor/ckeditor/ckeditor.js HTTP/1.1" 200 2358
"POST /create-product HTTP/1.1" 302 0
"GET /admin-product HTTP/1.1" 200 8908
"GET /static/css/sidebar.css HTTP/1.1" 304 0
"GET /static/css/admin.css HTTP/1.1" 304 0
"GET /static/css/style.css HTTP/1.1" 304 0
"GET /static/js/script.js HTTP/1.1" 304 0
"GET /static/js/modal.js HTTP/1.1" 304 0
"GET /static/js/sidebar.js HTTP/1.1" 304 0
"GET /static/%20ckeditor/ckeditor/ckeditor.js HTTP/1.1" 200 2358
"GET /static/images/hamburger.png HTTP/1.1" 304 0
"GET /static/images/logo.png HTTP/1.1" 304 0
"GET /static/%20ckeditor/ckeditor-init.js HTTP/1.1" 200 2358
"GET /admin-blog HTTP/1.1" 200 14551
"GET /static/%20ckeditor/ckeditor-init.js HTTP/1.1" 200 2358
"GET /static/%20ckeditor/ckeditor/ckeditor.js HTTP/1.1" 200 2358
"GET /admincourse HTTP/1.1" 200 8052
"GET /static/%20ckeditor/ckeditor-init.js HTTP/1.1" 200 2358
"GET /static/%20ckeditor/ckeditor/ckeditor.js HTTP/1.1" 200 2358
"GET /delete-course/75b85de9-f8be-43b4-b8c0-6cfa3c2eae85 HTTP/1.1" 200 7128
"GET /static/%20ckeditor/ckeditor-init.js HTTP/1.1" 200 2358
"GET /static/%20ckeditor/ckeditor/ckeditor.js HTTP/1.1" 200 2358
"POST /delete-course/75b85de9-f8be-43b4-b8c0-6cfa3c2eae85 HTTP/1.1" 302 0
"GET /admincourse HTTP/1.1" 200 7542
"GET /static/%20ckeditor/ckeditor-init.js HTTP/1.1" 200 2358
"GET /static/%20ckeditor/ckeditor/ckeditor.js HTTP/1.1" 200 2358
"GET /admin-blog HTTP/1.1" 200 14551
"GET /static/%20ckeditor/ckeditor-init.js HTTP/1.1" 200 2358
"GET /static/%20ckeditor/ckeditor/ckeditor.js HTTP/1.1" 200 2358
"GET /update-blog/0728a987-def5-4759-a9b5-a8bc00970fa8 HTTP/1.1" 200 13972
"GET /static/%20ckeditor/ckeditor-init.js HTTP/1.1" 200 2358
"GET /static/%20ckeditor/ckeditor/ckeditor.js HTTP/1.1" 200 2358
"POST /update-blog/0728a987-def5-4759-a9b5-a8bc00970fa8 HTTP/1.1" 200 14098
"GET /static/css/style.css HTTP/1.1" 304 0
"GET /static/css/sidebar.css HTTP/1.1" 304 0
"GET /static/css/admin.css HTTP/1.1" 304 0
"GET /static/js/script.js HTTP/1.1" 304 0
"GET /static/js/modal.js HTTP/1.1" 304 0
"GET /static/js/sidebar.js HTTP/1.1" 304 0
"GET /static/%20ckeditor/ckeditor-init.js HTTP/1.1" 200 2358
"GET /static/images/logo.png HTTP/1.1" 304 0
"GET /static/%20ckeditor/ckeditor/ckeditor.js HTTP/1.1" 200 2358
"GET /static/images/hamburger.png HTTP/1.1" 304 0
"POST /update-blog/0728a987-def5-4759-a9b5-a8bc00970fa8 HTTP/1.1" 200 14098
"GET /static/%20ckeditor/ckeditor-init.js HTTP/1.1" 200 2358
"GET /static/%20ckeditor/ckeditor/ckeditor.js HTTP/1.1" 200 2358
"GET /static/images/favicon.png HTTP/1.1" 304 0
"GET /admin-user-list/ HTTP/1.1" 200 15186
"GET /static/css/style.css HTTP/1.1" 304 0
"GET /static/css/admin.css HTTP/1.1" 304 0
"GET /static/css/sidebar.css HTTP/1.1" 304 0
"GET /static/js/script.js HTTP/1.1" 304 0
"GET /static/js/modal.js HTTP/1.1" 304 0
"GET /static/%20ckeditor/ckeditor-init.js HTTP/1.1" 200 2358
"GET /static/js/sidebar.js HTTP/1.1" 304 0
"GET /static/images/hamburger.png HTTP/1.1" 304 0
"GET /static/images/logo.png HTTP/1.1" 304 0
"GET /static/%20ckeditor/ckeditor/ckeditor.js HTTP/1.1" 200 2358
"GET /delete-user/7f2daa4d-0a82-4c8c-a29c-aaffb2f7258e HTTP/1.1" 200 7089
"GET /static/%20ckeditor/ckeditor-init.js HTTP/1.1" 200 2358
"GET /static/%20ckeditor/ckeditor/ckeditor.js HTTP/1.1" 200 2358
"POST /delete-user/7f2daa4d-0a82-4c8c-a29c-aaffb2f7258e HTTP/1.1" 302 0
"GET /admin-user-list/ HTTP/1.1" 200 14475
"GET /static/%20ckeditor/ckeditor-init.js HTTP/1.1" 200 2358
"GET /static/%20ckeditor/ckeditor/ckeditor.js HTTP/1.1" 200 2358
"GET /admin-create-user HTTP/1.1" 200 8286
"GET /static/%20ckeditor/ckeditor-init.js HTTP/1.1" 200 2358
"GET /static/%20ckeditor/ckeditor/ckeditor.js HTTP/1.1" 200 2358
"POST /admin-create-user HTTP/1.1" 302 0
"GET /admin-user-list/ HTTP/1.1" 200 15318
"GET /static/css/style.css HTTP/1.1" 304 0
"GET /static/css/admin.css HTTP/1.1" 304 0
"GET /static/css/sidebar.css HTTP/1.1" 304 0
"GET /static/js/script.js HTTP/1.1" 304 0
"GET /static/js/modal.js HTTP/1.1" 304 0
"GET /static/%20ckeditor/ckeditor-init.js HTTP/1.1" 200 2358
"GET /static/images/hamburger.png HTTP/1.1" 304 0
"GET /static/js/sidebar.js HTTP/1.1" 304 0
"GET /static/%20ckeditor/ckeditor/ckeditor.js HTTP/1.1" 200 2358
"GET /static/images/logo.png HTTP/1.1" 304 0
"GET /logout HTTP/1.1" 302 0
"GET / HTTP/1.1" 200 18405
"GET /static/css/style.css HTTP/1.1" 304 0
"GET /static/js/script.js HTTP/1.1" 304 0
"GET /static/js/pagination.js HTTP/1.1" 304 0
"GET /static/images/logo.png HTTP/1.1" 304 0
"GET /static/images/hamburger.png HTTP/1.1" 304 0
"GET /static/images/hero-img.png HTTP/1.1" 304 0
"GET /static/images/img-3.jpg HTTP/1.1" 304 0
"GET /static/images/img-5.jpg HTTP/1.1" 304 0
"GET /static/images/img-6.jpg HTTP/1.1" 304 0
"GET /static/images/history.png HTTP/1.1" 304 0
"GET /static/images/signal.png HTTP/1.1" 304 0
"GET /static/images/alt-logo.png HTTP/1.1" 304 0
"GET /subscription/plan-list HTTP/1.1" 200 13072
"GET /static/js/jquery.min.js HTTP/1.1" 304 0
"GET /static/js/tab.js HTTP/1.1" 304 0
"GET /static/images/benefit-img.jpg HTTP/1.1" 200 146788
"GET /static/images/sub-bg.jpg HTTP/1.1" 200 184647
"GET / HTTP/1.1" 200 18313
"GET /admin-user-list/ HTTP/1.1" 302 0
"GET /admin-login?next=/admin-user-list/ HTTP/1.1" 200 2722
"POST /admin-login HTTP/1.1" 302 0
"GET /admin-history HTTP/1.1" 200 8682
"GET /static/css/admin.css HTTP/1.1" 304 0
"GET /static/css/sidebar.css HTTP/1.1" 304 0
"GET /static/js/modal.js HTTP/1.1" 304 0
"GET /static/js/sidebar.js HTTP/1.1" 304 0
"GET /static/%20ckeditor/ckeditor/ckeditor.js HTTP/1.1" 200 2358
"GET /static/%20ckeditor/ckeditor-init.js HTTP/1.1" 200 2358
"GET /first-time-plan-lists HTTP/1.1" 200 6871
"GET /static/%20ckeditor/ckeditor-init.js HTTP/1.1" 200 2358
"GET /static/%20ckeditor/ckeditor/ckeditor.js HTTP/1.1" 200 2358
"GET /add-first-time-plan HTTP/1.1" 200 9026
"GET /static/%20ckeditor/ckeditor-init.js HTTP/1.1" 200 2358
"GET /static/%20ckeditor/ckeditor/ckeditor.js HTTP/1.1" 200 2358
"POST /add-first-time-plan HTTP/1.1" 302 0
"GET /first-time-plan-lists HTTP/1.1" 200 7610
"GET /static/css/style.css HTTP/1.1" 304 0
"GET /static/css/admin.css HTTP/1.1" 304 0
"GET /static/css/sidebar.css HTTP/1.1" 304 0
"GET /static/js/modal.js HTTP/1.1" 304 0
"GET /static/js/script.js HTTP/1.1" 304 0
"GET /static/js/sidebar.js HTTP/1.1" 304 0
"GET /static/%20ckeditor/ckeditor-init.js HTTP/1.1" 200 2358
"GET /static/%20ckeditor/ckeditor/ckeditor.js HTTP/1.1" 200 2358
"GET /static/images/logo.png HTTP/1.1" 304 0
"GET /static/images/hamburger.png HTTP/1.1" 304 0
"GET / HTTP/1.1" 200 18897
"GET /static/images/logo.png HTTP/1.1" 304 0
"GET /static/js/script.js HTTP/1.1" 304 0
"GET /static/js/pagination.js HTTP/1.1" 304 0
"GET /static/images/hero-img.png HTTP/1.1" 304 0
"GET /static/images/hamburger.png HTTP/1.1" 304 0
"GET /static/images/img-5.jpg HTTP/1.1" 304 0
"GET /static/images/img-3.jpg HTTP/1.1" 304 0
"GET /static/images/history.png HTTP/1.1" 304 0
"GET /static/images/img-6.jpg HTTP/1.1" 304 0
"GET /static/images/signal.png HTTP/1.1" 304 0
"GET /static/images/alt-logo.png HTTP/1.1" 304 0
"GET /subscription/plan-list HTTP/1.1" 200 13746
"GET /static/js/tab.js HTTP/1.1" 304 0
"GET /static/js/jquery.min.js HTTP/1.1" 304 0
"GET /static/images/benefit-img.jpg HTTP/1.1" 304 0
"GET /static/images/sub-bg.jpg HTTP/1.1" 304 0
"GET /plan-lists HTTP/1.1" 200 6934
"GET /static/%20ckeditor/ckeditor-init.js HTTP/1.1" 200 2358
"GET /static/%20ckeditor/ckeditor/ckeditor.js HTTP/1.1" 200 2358
"GET /add-plan HTTP/1.1" 200 8929
"GET /static/%20ckeditor/ckeditor-init.js HTTP/1.1" 200 2358
"GET /static/%20ckeditor/ckeditor/ckeditor.js HTTP/1.1" 200 2358
"POST /add-plan HTTP/1.1" 302 0
"GET /plan-lists HTTP/1.1" 200 7732
"GET /static/css/style.css HTTP/1.1" 304 0
"GET /static/css/admin.css HTTP/1.1" 304 0
"GET /static/css/sidebar.css HTTP/1.1" 304 0
"GET /static/js/script.js HTTP/1.1" 304 0
"GET /static/js/modal.js HTTP/1.1" 304 0
"GET /static/js/sidebar.js HTTP/1.1" 304 0
"GET /static/%20ckeditor/ckeditor-init.js HTTP/1.1" 200 2358
"GET /static/%20ckeditor/ckeditor/ckeditor.js HTTP/1.1" 200 2358
"GET /static/images/hamburger.png HTTP/1.1" 304 0
"GET /static/images/logo.png HTTP/1.1" 304 0
"GET /subscription/plan-list HTTP/1.1" 200 15243
"GET /static/images/favicon.png HTTP/1.1" 304 0
"GET /add-first-time-plan HTTP/1.1" 200 9026
"GET /static/%20ckeditor/ckeditor-init.js HTTP/1.1" 200 2358
"GET /static/%20ckeditor/ckeditor/ckeditor.js HTTP/1.1" 200 2358
"POST /add-first-time-plan HTTP/1.1" 302 0
"GET /first-time-plan-lists HTTP/1.1" 200 8228
"GET /static/css/style.css HTTP/1.1" 304 0
"GET /static/css/admin.css HTTP/1.1" 304 0
"GET /static/css/sidebar.css HTTP/1.1" 304 0
"GET /static/js/script.js HTTP/1.1" 304 0
"GET /static/js/modal.js HTTP/1.1" 304 0
"GET /static/js/sidebar.js HTTP/1.1" 304 0
"GET /static/%20ckeditor/ckeditor-init.js HTTP/1.1" 200 2358
"GET /static/%20ckeditor/ckeditor/ckeditor.js HTTP/1.1" 200 2358
"GET /static/images/logo.png HTTP/1.1" 304 0
"GET /static/images/hamburger.png HTTP/1.1" 304 0
"GET /add-plan HTTP/1.1" 200 8929
"GET /static/%20ckeditor/ckeditor-init.js HTTP/1.1" 200 2358
"GET /static/%20ckeditor/ckeditor/ckeditor.js HTTP/1.1" 200 2358
"POST /add-plan HTTP/1.1" 302 0
"GET /plan-lists HTTP/1.1" 200 8404
"GET /static/%20ckeditor/ckeditor-init.js HTTP/1.1" 200 2358
"GET /static/%20ckeditor/ckeditor/ckeditor.js HTTP/1.1" 200 2358
"GET /subscription/plan-list HTTP/1.1" 200 16778
"GET /static/js/script.js HTTP/1.1" 304 0
"GET /static/js/jquery.min.js HTTP/1.1" 304 0
"GET /static/js/tab.js HTTP/1.1" 304 0
"GET /static/js/pagination.js HTTP/1.1" 304 0
"GET /static/images/benefit-img.jpg HTTP/1.1" 304 0
"GET /static/images/logo.png HTTP/1.1" 304 0
"GET /static/images/hamburger.png HTTP/1.1" 304 0
"GET /static/images/alt-logo.png HTTP/1.1" 304 0
"GET /static/images/sub-bg.jpg HTTP/1.1" 304 0
"GET /static/images/favicon.png HTTP/1.1" 304 0
"GET /add-plan HTTP/1.1" 200 8929
"GET /static/%20ckeditor/ckeditor-init.js HTTP/1.1" 200 2358
"GET /static/%20ckeditor/ckeditor/ckeditor.js HTTP/1.1" 200 2358
"POST /add-plan HTTP/1.1" 302 0
"GET /plan-lists HTTP/1.1" 200 9084
"GET /static/css/sidebar.css HTTP/1.1" 304 0
"GET /static/css/style.css HTTP/1.1" 304 0
"GET /static/css/admin.css HTTP/1.1" 304 0
"GET /static/js/script.js HTTP/1.1" 304 0
"GET /static/js/modal.js HTTP/1.1" 304 0
"GET /static/images/logo.png HTTP/1.1" 304 0
"GET /static/%20ckeditor/ckeditor-init.js HTTP/1.1" 200 2358
"GET /static/js/sidebar.js HTTP/1.1" 304 0
"GET /static/images/hamburger.png HTTP/1.1" 304 0
"GET /static/%20ckeditor/ckeditor/ckeditor.js HTTP/1.1" 200 2358
"GET /add-first-time-plan HTTP/1.1" 200 9026
"GET /static/%20ckeditor/ckeditor-init.js HTTP/1.1" 200 2358
"GET /static/%20ckeditor/ckeditor/ckeditor.js HTTP/1.1" 200 2358
"POST /add-first-time-plan HTTP/1.1" 302 0
"GET /first-time-plan-lists HTTP/1.1" 200 8854
"GET /static/%20ckeditor/ckeditor-init.js HTTP/1.1" 200 2358
"GET /static/%20ckeditor/ckeditor/ckeditor.js HTTP/1.1" 200 2358
"GET /subscription/plan-list HTTP/1.1" 200 18359
"GET /static/js/jquery.min.js HTTP/1.1" 304 0
"GET /static/js/script.js HTTP/1.1" 304 0
"GET /static/js/pagination.js HTTP/1.1" 304 0
"GET /static/js/tab.js HTTP/1.1" 304 0
"GET /static/images/logo.png HTTP/1.1" 304 0
"GET /static/images/benefit-img.jpg HTTP/1.1" 304 0
"GET /static/images/alt-logo.png HTTP/1.1" 304 0
"GET /static/images/hamburger.png HTTP/1.1" 304 0
"GET /static/images/sub-bg.jpg HTTP/1.1" 304 0
"GET /static/images/favicon.png HTTP/1.1" 304 0
"GET /subscription/plan-detail/weekly-plan HTTP/1.1" 302 0
"GET /callback?status=successful&tx_ref=4643834&transaction_id=4110336 HTTP/1.1" 302 0
"GET /login/user?next=/callback%3Fstatus%3Dsuccessful%26tx_ref%3D4643834%26transaction_id%3D4110336 HTTP/1.1" 200 6712
"GET /static/css/style.css HTTP/1.1" 200 73858
"GET /static/js/validate.js HTTP/1.1" 200 2714
"GET /static/js/script.js HTTP/1.1" 200 1080
"GET /static/images/logo.png HTTP/1.1" 200 40580
"GET /static/images/hamburger.png HTTP/1.1" 200 1005
"GET /static/images/favicon.png HTTP/1.1" 200 4769
"POST /login/user HTTP/1.1" 302 0
"GET /login/user HTTP/1.1" 200 6798
"GET /first-time-plan-lists HTTP/1.1" 200 8887
"GET /static/css/style.css HTTP/1.1" 304 0
"GET /static/css/admin.css HTTP/1.1" 304 0
"GET /static/css/sidebar.css HTTP/1.1" 304 0
"GET /static/js/script.js HTTP/1.1" 304 0
"GET /static/js/modal.js HTTP/1.1" 304 0
"GET /static/js/sidebar.js HTTP/1.1" 304 0
"GET /static/%20ckeditor/ckeditor-init.js HTTP/1.1" 200 2358
"GET /static/%20ckeditor/ckeditor/ckeditor.js HTTP/1.1" 200 2358
"GET /static/images/logo.png HTTP/1.1" 304 0
"GET /static/images/hamburger.png HTTP/1.1" 304 0
"GET /static/images/favicon.png HTTP/1.1" 304 0
"GET /login/user HTTP/1.1" 200 6543
"GET /static/css/style.css HTTP/1.1" 304 0
"GET /static/js/validate.js HTTP/1.1" 304 0
"GET /static/js/script.js HTTP/1.1" 304 0
"GET /static/images/logo.png HTTP/1.1" 304 0
"GET /static/images/hamburger.png HTTP/1.1" 304 0
"GET /static/images/favicon.png HTTP/1.1" 304 0
"GET /first-time-plan-lists HTTP/1.1" 200 8724
"GET /static/%20ckeditor/ckeditor-init.js HTTP/1.1" 200 2358
"GET /static/%20ckeditor/ckeditor/ckeditor.js HTTP/1.1" 200 2358
"GET /first-time-subscription-history HTTP/1.1" 200 7168
"GET /static/%20ckeditor/ckeditor-init.js HTTP/1.1" 200 2358
"GET /static/%20ckeditor/ckeditor/ckeditor.js HTTP/1.1" 200 2358
"GET /subscription-history HTTP/1.1" 200 7143
"GET /static/%20ckeditor/ckeditor-init.js HTTP/1.1" 200 2358
"GET /static/%20ckeditor/ckeditor/ckeditor.js HTTP/1.1" 200 2358
"GET /subscription-history HTTP/1.1" 200 7143
"GET /static/%20ckeditor/ckeditor-init.js HTTP/1.1" 200 2358
"GET /static/%20ckeditor/ckeditor/ckeditor.js HTTP/1.1" 200 2358
"GET /subscription-history HTTP/1.1" 200 7143
"GET /static/%20ckeditor/ckeditor-init.js HTTP/1.1" 200 2358
"GET /static/%20ckeditor/ckeditor/ckeditor.js HTTP/1.1" 200 2358
"GET /admin-user-list/ HTTP/1.1" 200 15172
"GET /static/%20ckeditor/ckeditor-init.js HTTP/1.1" 200 2358
"GET /static/%20ckeditor/ckeditor/ckeditor.js HTTP/1.1" 200 2358
"POST /login/user HTTP/1.1" 302 0
"GET /login/user HTTP/1.1" 200 6972
"GET /static/css/style.css HTTP/1.1" 304 0
"GET /static/js/script.js HTTP/1.1" 304 0
"GET /static/js/validate.js HTTP/1.1" 304 0
"GET /static/images/hamburger.png HTTP/1.1" 304 0
"GET /static/images/logo.png HTTP/1.1" 304 0
"POST /login/user HTTP/1.1" 302 0
"GET / HTTP/1.1" 200 18985
"GET /static/js/pagination.js HTTP/1.1" 200 1896
"GET /static/images/hero-img.png HTTP/1.1" 200 197583
"GET /static/images/img-6.jpg HTTP/1.1" 200 40616
"GET /static/images/img-5.jpg HTTP/1.1" 200 25448
"GET /static/images/img-3.jpg HTTP/1.1" 200 76774
"GET /static/images/history.png HTTP/1.1" 200 590263
"GET /static/images/alt-logo.png HTTP/1.1" 200 48395
"GET /static/images/signal.png HTTP/1.1" 200 397355
"GET /subscription/history/ HTTP/1.1" 200 8481
"GET /static/js/tab.js HTTP/1.1" 200 707
"GET /static/js/jquery.min.js HTTP/1.1" 200 89664
"GET / HTTP/1.1" 200 18895
"GET /subscription/plan-list HTTP/1.1" 200 18357
"GET /static/images/benefit-img.jpg HTTP/1.1" 200 146788
"GET /static/images/sub-bg.jpg HTTP/1.1" 200 184647
"GET /subscription/plan-detail/weekly-plan HTTP/1.1" 302 0
"GET /callback?status=successful&tx_ref=6279871&transaction_id=4110346 HTTP/1.1" 302 0
"GET /first/subscription/history/ HTTP/1.1" 200 10218
"GET /static/css/style.css HTTP/1.1" 304 0
"GET /static/js/jquery.min.js HTTP/1.1" 304 0
"GET /static/js/script.js HTTP/1.1" 304 0
"GET /static/js/pagination.js HTTP/1.1" 304 0
"GET /static/js/tab.js HTTP/1.1" 304 0
"GET /static/images/logo.png HTTP/1.1" 304 0
"GET /static/images/alt-logo.png HTTP/1.1" 304 0
"GET /static/images/hamburger.png HTTP/1.1" 304 0
"GET /admin-user-list/ HTTP/1.1" 200 15172
"GET /static/css/admin.css HTTP/1.1" 304 0
"GET /static/css/style.css HTTP/1.1" 304 0
"GET /static/css/sidebar.css HTTP/1.1" 304 0
"GET /static/js/script.js HTTP/1.1" 304 0
"GET /static/js/modal.js HTTP/1.1" 304 0
"GET /static/js/sidebar.js HTTP/1.1" 304 0
"GET /static/%20ckeditor/ckeditor-init.js HTTP/1.1" 200 2358
"GET /static/images/logo.png HTTP/1.1" 304 0
"GET /static/images/hamburger.png HTTP/1.1" 304 0
"GET /static/%20ckeditor/ckeditor/ckeditor.js HTTP/1.1" 200 2358
"GET /static/images/favicon.png HTTP/1.1" 304 0
"GET /first-time-subscription-history HTTP/1.1" 200 8052
"GET /static/%20ckeditor/ckeditor-init.js HTTP/1.1" 200 2358
"GET /static/%20ckeditor/ckeditor/ckeditor.js HTTP/1.1" 200 2358
"GET /subscription-history HTTP/1.1" 200 7143
"GET /static/%20ckeditor/ckeditor-init.js HTTP/1.1" 200 2358
"GET /static/%20ckeditor/ckeditor/ckeditor.js HTTP/1.1" 200 2358
"GET /first-time-subscription-history HTTP/1.1" 200 8052
"GET /static/%20ckeditor/ckeditor-init.js HTTP/1.1" 200 2358
"GET /static/%20ckeditor/ckeditor/ckeditor.js HTTP/1.1" 200 2358
